PlaneID   Status  Request Time   Runway Time  Turnaround Time
-------------------------------------------------------
 1         L         0            2            2
 3         L         0            4            4
 4         L         1            6            5
 2         D         0            8            8
 5         L         2            10           8
 8         D         5            12           7
 10        D         7            14           7
 13        D         10           16           6
 14        D         11           18           7
 6         L         3            20           17
 15        D         12           22           10
 7         L         4            24           20
 9         L         6            26           20
 11        L         8            28           20
 12        L         9            30           21
 16        L         13           32           19
 18        L         15           34           19
 20        L         17           36           19
 22        L         19           38           19
 25        L         22           40           18
 43        E         40           42           2
 26        L         23           44           21
 27        L         24           46           22
 29        L         26           48           22
 31        L         28           50           22
 34        L         31           52           21
 35        L         32           54           22
 37        L         34           56           22
 39        L         36           58           22
 45        L         42           60           18
