At 30 sec:
landing: 11, 13, 15, 17, 19, 21, 23, 25, 27
departing: 24, 26, 28
At 31 sec:
landing: 11, 13, 15, 17, 19, 21, 23, 25, 27
departing: 24, 26, 28
At 32 sec:
landing: 13, 15, 17, 19, 21, 23, 25, 27
departing: 24, 26, 28
At 33 sec:
landing: 13, 15, 17, 19, 21, 23, 25, 27
departing: 24, 26, 28
At 34 sec:
landing: 13, 15, 17, 19, 21, 23, 25, 27, 29
departing: 26, 28, 30
At 35 sec:
landing: 13, 15, 17, 19, 21, 23, 25, 27, 29, 31
departing: 26, 28, 30, 32
At 36 sec:
landing: 13, 15, 17, 19, 21, 23, 25, 27, 29, 31
departing: 28, 30, 32
At 37 sec:
landing: 13, 15, 17, 19, 21, 23, 25, 27, 29, 31, 33
departing: 28, 30, 32, 34
At 38 sec:
landing: 15, 17, 19, 21, 23, 25, 27, 29, 31, 33, 35
departing: 28, 30, 32, 34, 36
At 39 sec:
landing: 15, 17, 19, 21, 23, 25, 27, 29, 31, 33, 35, 37
departing: 28, 30, 32, 34, 36, 38
At 40 sec:
landing: 17, 19, 21, 23, 25, 27, 29, 31, 33, 35, 37, 39
departing: 28, 30, 32, 34, 36, 38, 40
At 41 sec:
landing: 17, 19, 21, 23, 25, 27, 29, 31, 33, 35, 37, 39
departing: 28, 30, 32, 34, 36, 38, 40
At 42 sec:
landing: 17, 19, 21, 23, 25, 27, 29, 31, 33, 35, 37, 39
departing: 28, 30, 32, 34, 36, 38, 40
At 43 sec:
landing: 17, 19, 21, 23, 25, 27, 29, 31, 33, 35, 37, 39, 42
departing: 28, 30, 32, 34, 36, 38, 40, 43
At 44 sec:
landing: 19, 21, 23, 25, 27, 29, 31, 33, 35, 37, 39, 42, 44
departing: 28, 30, 32, 34, 36, 38, 40, 43, 45
At 45 sec:
landing: 19, 21, 23, 25, 27, 29, 31, 33, 35, 37, 39, 42, 44
departing: 28, 30, 32, 34, 36, 38, 40, 43, 45
At 46 sec:
landing: 21, 23, 25, 27, 29, 31, 33, 35, 37, 39, 42, 44, 46
departing: 28, 30, 32, 34, 36, 38, 40, 43, 45, 47
At 47 sec:
landing: 21, 23, 25, 27, 29, 31, 33, 35, 37, 39, 42, 44, 46
departing: 28, 30, 32, 34, 36, 38, 40, 43, 45, 47
At 48 sec:
landing: 23, 25, 27, 29, 31, 33, 35, 37, 39, 42, 44, 46, 48
departing: 28, 30, 32, 34, 36, 38, 40, 43, 45, 47, 49
At 49 sec:
landing: 23, 25, 27, 29, 31, 33, 35, 37, 39, 42, 44, 46, 48
departing: 28, 30, 32, 34, 36, 38, 40, 43, 45, 47, 49
At 50 sec:
landing: 25, 27, 29, 31, 33, 35, 37, 39, 42, 44, 46, 48, 50
departing: 28, 30, 32, 34, 36, 38, 40, 43, 45, 47, 49, 51
At 51 sec:
landing: 25, 27, 29, 31, 33, 35, 37, 39, 42, 44, 46, 48, 50
departing: 28, 30, 32, 34, 36, 38, 40, 43, 45, 47, 49, 51
At 52 sec:
landing: 27, 29, 31, 33, 35, 37, 39, 42, 44, 46, 48, 50
departing: 28, 30, 32, 34, 36, 38, 40, 43, 45, 47, 49, 51
At 53 sec:
landing: 27, 29, 31, 33, 35, 37, 39, 42, 44, 46, 48, 50, 52
departing: 28, 30, 32, 34, 36, 38, 40, 43, 45, 47, 49, 51, 53
At 54 sec:
landing: 29, 31, 33, 35, 37, 39, 42, 44, 46, 48, 50, 52
departing: 28, 30, 32, 34, 36, 38, 40, 43, 45, 47, 49, 51, 53
At 55 sec:
landing: 29, 31, 33, 35, 37, 39, 42, 44, 46, 48, 50, 52, 54
departing: 28, 30, 32, 34, 36, 38, 40, 43, 45, 47, 49, 51, 53, 55
At 56 sec:
landing: 31, 33, 35, 37, 39, 42, 44, 46, 48, 50, 52, 54
departing: 28, 30, 32, 34, 36, 38, 40, 43, 45, 47, 49, 51, 53, 55
At 57 sec:
landing: 31, 33, 35, 37, 39, 42, 44, 46, 48, 50, 52, 54, 56
departing: 28, 30, 32, 34, 36, 38, 40, 43, 45, 47, 49, 51, 53, 55, 57
At 58 sec:
landing: 33, 35, 37, 39, 42, 44, 46, 48, 50, 52, 54, 56
departing: 28, 30, 32, 34, 36, 38, 40, 43, 45, 47, 49, 51, 53, 55, 57
At 59 sec:
landing: 33, 35, 37, 39, 42, 44, 46, 48, 50, 52, 54, 56
departing: 28, 30, 32, 34, 36, 38, 40, 43, 45, 47, 49, 51, 53, 55, 57
At 60 sec:
landing: 35, 37, 39, 42, 44, 46, 48, 50, 52, 54, 56, 58
departing: 28, 30, 32, 34, 36, 38, 40, 43, 45, 47, 49, 51, 53, 55, 57, 59
At 61 sec:
landing: 35, 37, 39, 42, 44, 46, 48, 50, 52, 54, 56, 58
departing: 28, 30, 32, 34, 36, 38, 40, 43, 45, 47, 49, 51, 53, 55, 57, 59
At 62 sec:
landing: 37, 39, 42, 44, 46, 48, 50, 52, 54, 56, 58
departing: 28, 30, 32, 34, 36, 38, 40, 43, 45, 47, 49, 51, 53, 55, 57, 59
At 63 sec:
landing: 37, 39, 42, 44, 46, 48, 50, 52, 54, 56, 58
departing: 28, 30, 32, 34, 36, 38, 40, 43, 45, 47, 49, 51, 53, 55, 57, 59
At 64 sec:
landing: 39, 42, 44, 46, 48, 50, 52, 54, 56, 58
departing: 28, 30, 32, 34, 36, 38, 40, 43, 45, 47, 49, 51, 53, 55, 57, 59
At 65 sec:
landing: 39, 42, 44, 46, 48, 50, 52, 54, 56, 58
departing: 28, 30, 32, 34, 36, 38, 40, 43, 45, 47, 49, 51, 53, 55, 57, 59
At 66 sec:
landing: 39, 42, 44, 46, 48, 50, 52, 54, 56, 58
departing: 30, 32, 34, 36, 38, 40, 43, 45, 47, 49, 51, 53, 55, 57, 59
At 67 sec:
landing: 39, 42, 44, 46, 48, 50, 52, 54, 56, 58
departing: 30, 32, 34, 36, 38, 40, 43, 45, 47, 49, 51, 53, 55, 57, 59
At 68 sec:
landing: 42, 44, 46, 48, 50, 52, 54, 56, 58, 60
departing: 30, 32, 34, 36, 38, 40, 43, 45, 47, 49, 51, 53, 55, 57, 59, 61
At 69 sec:
landing: 42, 44, 46, 48, 50, 52, 54, 56, 58, 60, 62
departing: 30, 32, 34, 36, 38, 40, 43, 45, 47, 49, 51, 53, 55, 57, 59, 61, 63
At 70 sec:
landing: 44, 46, 48, 50, 52, 54, 56, 58, 60, 62
departing: 30, 32, 34, 36, 38, 40, 43, 45, 47, 49, 51, 53, 55, 57, 59, 61, 63
At 71 sec:
landing: 44, 46, 48, 50, 52, 54, 56, 58, 60, 62, 64
departing: 30, 32, 34, 36, 38, 40, 43, 45, 47, 49, 51, 53, 55, 57, 59, 61, 63, 65
At 72 sec:
landing: 46, 48, 50, 52, 54, 56, 58, 60, 62, 64, 66
departing: 30, 32, 34, 36, 38, 40, 43, 45, 47, 49, 51, 53, 55, 57, 59, 61, 63, 65, 67
At 73 sec:
landing: 46, 48, 50, 52, 54, 56, 58, 60, 62, 64, 66, 68
departing: 30, 32, 34, 36, 38, 40, 43, 45, 47, 49, 51, 53, 55, 57, 59, 61, 63, 65, 67, 69
At 74 sec:
landing: 48, 50, 52, 54, 56, 58, 60, 62, 64, 66, 68
departing: 30, 32, 34, 36, 38, 40, 43, 45, 47, 49, 51, 53, 55, 57, 59, 61, 63, 65, 67, 69
At 75 sec:
landing: 48, 50, 52, 54, 56, 58, 60, 62, 64, 66, 68, 70
departing: 30, 32, 34, 36, 38, 40, 43, 45, 47, 49, 51, 53, 55, 57, 59, 61, 63, 65, 67, 69, 71
At 76 sec:
landing: 50, 52, 54, 56, 58, 60, 62, 64, 66, 68, 70, 72
departing: 30, 32, 34, 36, 38, 40, 43, 45, 47, 49, 51, 53, 55, 57, 59, 61, 63, 65, 67, 69, 71, 73
At 77 sec:
landing: 50, 52, 54, 56, 58, 60, 62, 64, 66, 68, 70, 72, 74
departing: 30, 32, 34, 36, 38, 40, 43, 45, 47, 49, 51, 53, 55, 57, 59, 61, 63, 65, 67, 69, 71, 73, 75
At 78 sec:
landing: 52, 54, 56, 58, 60, 62, 64, 66, 68, 70, 72, 74, 76
departing: 30, 32, 34, 36, 38, 40, 43, 45, 47, 49, 51, 53, 55, 57, 59, 61, 63, 65, 67, 69, 71, 73, 75, 77
At 79 sec:
landing: 52, 54, 56, 58, 60, 62, 64, 66, 68, 70, 72, 74, 76, 78
departing: 30, 32, 34, 36, 38, 40, 43, 45, 47, 49, 51, 53, 55, 57, 59, 61, 63, 65, 67, 69, 71, 73, 75, 77, 79
At 80 sec:
landing: 54, 56, 58, 60, 62, 64, 66, 68, 70, 72, 74, 76, 78, 80
departing: 30, 32, 34, 36, 38, 40, 43, 45, 47, 49, 51, 53, 55, 57, 59, 61, 63, 65, 67, 69, 71, 73, 75, 77, 79, 81
At 81 sec:
landing: 54, 56, 58, 60, 62, 64, 66, 68, 70, 72, 74, 76, 78, 80
departing: 30, 32, 34, 36, 38, 40, 43, 45, 47, 49, 51, 53, 55, 57, 59, 61, 63, 65, 67, 69, 71, 73, 75, 77, 79, 81
At 82 sec:
landing: 54, 56, 58, 60, 62, 64, 66, 68, 70, 72, 74, 76, 78, 80
departing: 30, 32, 34, 36, 38, 40, 43, 45, 47, 49, 51, 53, 55, 57, 59, 61, 63, 65, 67, 69, 71, 73, 75, 77, 79, 81
At 83 sec:
landing: 54, 56, 58, 60, 62, 64, 66, 68, 70, 72, 74, 76, 78, 80
departing: 30, 32, 34, 36, 38, 40, 43, 45, 47, 49, 51, 53, 55, 57, 59, 61, 63, 65, 67, 69, 71, 73, 75, 77, 79, 81
At 84 sec:
landing: 56, 58, 60, 62, 64, 66, 68, 70, 72, 74, 76, 78, 80, 83
departing: 30, 32, 34, 36, 38, 40, 43, 45, 47, 49, 51, 53, 55, 57, 59, 61, 63, 65, 67, 69, 71, 73, 75, 77, 79, 81, 84
At 85 sec:
landing: 56, 58, 60, 62, 64, 66, 68, 70, 72, 74, 76, 78, 80, 83, 85
departing: 30, 32, 34, 36, 38, 40, 43, 45, 47, 49, 51, 53, 55, 57, 59, 61, 63, 65, 67, 69, 71, 73, 75, 77, 79, 81, 84, 86
At 86 sec:
landing: 58, 60, 62, 64, 66, 68, 70, 72, 74, 76, 78, 80, 83, 85, 87
departing: 30, 32, 34, 36, 38, 40, 43, 45, 47, 49, 51, 53, 55, 57, 59, 61, 63, 65, 67, 69, 71, 73, 75, 77, 79, 81, 84, 86, 88
At 87 sec:
landing: 58, 60, 62, 64, 66, 68, 70, 72, 74, 76, 78, 80, 83, 85, 87
departing: 30, 32, 34, 36, 38, 40, 43, 45, 47, 49, 51, 53, 55, 57, 59, 61, 63, 65, 67, 69, 71, 73, 75, 77, 79, 81, 84, 86, 88
At 88 sec:
landing: 60, 62, 64, 66, 68, 70, 72, 74, 76, 78, 80, 83, 85, 87, 89
departing: 30, 32, 34, 36, 38, 40, 43, 45, 47, 49, 51, 53, 55, 57, 59, 61, 63, 65, 67, 69, 71, 73, 75, 77, 79, 81, 84, 86, 88, 90
At 89 sec:
landing: 60, 62, 64, 66, 68, 70, 72, 74, 76, 78, 80, 83, 85, 87, 89, 91
departing: 30, 32, 34, 36, 38, 40, 43, 45, 47, 49, 51, 53, 55, 57, 59, 61, 63, 65, 67, 69, 71, 73, 75, 77, 79, 81, 84, 86, 88, 90, 92
At 90 sec:
landing: 62, 64, 66, 68, 70, 72, 74, 76, 78, 80, 83, 85, 87, 89, 91
departing: 30, 32, 34, 36, 38, 40, 43, 45, 47, 49, 51, 53, 55, 57, 59, 61, 63, 65, 67, 69, 71, 73, 75, 77, 79, 81, 84, 86, 88, 90, 92
At 91 sec:
landing: 62, 64, 66, 68, 70, 72, 74, 76, 78, 80, 83, 85, 87, 89, 91
departing: 30, 32, 34, 36, 38, 40, 43, 45, 47, 49, 51, 53, 55, 57, 59, 61, 63, 65, 67, 69, 71, 73, 75, 77, 79, 81, 84, 86, 88, 90, 92
At 92 sec:
landing: 64, 66, 68, 70, 72, 74, 76, 78, 80, 83, 85, 87, 89, 91, 93
departing: 30, 32, 34, 36, 38, 40, 43, 45, 47, 49, 51, 53, 55, 57, 59, 61, 63, 65, 67, 69, 71, 73, 75, 77, 79, 81, 84, 86, 88, 90, 92, 94
At 93 sec:
landing: 64, 66, 68, 70, 72, 74, 76, 78, 80, 83, 85, 87, 89, 91, 93
departing: 30, 32, 34, 36, 38, 40, 43, 45, 47, 49, 51, 53, 55, 57, 59, 61, 63, 65, 67, 69, 71, 73, 75, 77, 79, 81, 84, 86, 88, 90, 92, 94
At 94 sec:
landing: 66, 68, 70, 72, 74, 76, 78, 80, 83, 85, 87, 89, 91, 93, 95
departing: 30, 32, 34, 36, 38, 40, 43, 45, 47, 49, 51, 53, 55, 57, 59, 61, 63, 65, 67, 69, 71, 73, 75, 77, 79, 81, 84, 86, 88, 90, 92, 94, 96
At 95 sec:
landing: 66, 68, 70, 72, 74, 76, 78, 80, 83, 85, 87, 89, 91, 93, 95
departing: 30, 32, 34, 36, 38, 40, 43, 45, 47, 49, 51, 53, 55, 57, 59, 61, 63, 65, 67, 69, 71, 73, 75, 77, 79, 81, 84, 86, 88, 90, 92, 94, 96
At 96 sec:
landing: 68, 70, 72, 74, 76, 78, 80, 83, 85, 87, 89, 91, 93, 95
departing: 30, 32, 34, 36, 38, 40, 43, 45, 47, 49, 51, 53, 55, 57, 59, 61, 63, 65, 67, 69, 71, 73, 75, 77, 79, 81, 84, 86, 88, 90, 92, 94, 96
At 97 sec:
landing: 68, 70, 72, 74, 76, 78, 80, 83, 85, 87, 89, 91, 93, 95
departing: 30, 32, 34, 36, 38, 40, 43, 45, 47, 49, 51, 53, 55, 57, 59, 61, 63, 65, 67, 69, 71, 73, 75, 77, 79, 81, 84, 86, 88, 90, 92, 94, 96
At 98 sec:
landing: 70, 72, 74, 76, 78, 80, 83, 85, 87, 89, 91, 93, 95
departing: 30, 32, 34, 36, 38, 40, 43, 45, 47, 49, 51, 53, 55, 57, 59, 61, 63, 65, 67, 69, 71, 73, 75, 77, 79, 81, 84, 86, 88, 90, 92, 94, 96
At 99 sec:
landing: 70, 72, 74, 76, 78, 80, 83, 85, 87, 89, 91, 93, 95, 97
departing: 30, 32, 34, 36, 38, 40, 43, 45, 47, 49, 51, 53, 55, 57, 59, 61, 63, 65, 67, 69, 71, 73, 75, 77, 79, 81, 84, 86, 88, 90, 92, 94, 96, 98
At 100 sec:
landing: 72, 74, 76, 78, 80, 83, 85, 87, 89, 91, 93, 95, 97, 99
departing: 30, 32, 34, 36, 38, 40, 43, 45, 47, 49, 51, 53, 55, 57, 59, 61, 63, 65, 67, 69, 71, 73, 75, 77, 79, 81, 84, 86, 88, 90, 92, 94, 96, 98, 100
