At 6 sec:
landing: Empty queue!
departing: 1, 4, 6, 8
At 7 sec:
landing: Empty queue!
departing: 1, 4, 6, 8
At 8 sec:
landing: Empty queue!
departing: 1, 4, 6, 8
At 9 sec:
landing: Empty queue!
departing: 4, 6, 8
At 10 sec:
landing: Empty queue!
departing: 6, 8
At 11 sec:
landing: Empty queue!
departing: 6, 8
At 12 sec:
landing: Empty queue!
departing: 6, 8, 10
At 13 sec:
landing: Empty queue!
departing: 6, 8, 10
At 14 sec:
landing: Empty queue!
departing: 6, 8, 10, 12
At 15 sec:
landing: 13
departing: 6, 8, 10, 12, 14
At 16 sec:
landing: 13
departing: 8, 10, 12, 14
At 17 sec:
landing: 13, 15
departing: 8, 10, 12, 14, 16
At 18 sec:
landing: 13, 15
departing: 10, 12, 14, 16
At 19 sec:
landing: 13, 15
departing: 10, 12, 14, 16
At 20 sec:
landing: 13, 15, 17
departing: 12, 14, 16, 18
At 21 sec:
landing: 13, 15, 17, 19
departing: 12, 14, 16, 18, 20
At 22 sec:
landing: 13, 15, 17, 19, 21
departing: 14, 16, 18, 20, 22
At 23 sec:
landing: 13, 15, 17, 19, 21, 23
departing: 14, 16, 18, 20, 22, 24
At 24 sec:
landing: 13, 15, 17, 19, 21, 23, 25
departing: 16, 18, 20, 22, 24, 26
At 25 sec:
landing: 13, 15, 17, 19, 21, 23, 25, 27
departing: 16, 18, 20, 22, 24, 26, 28
At 26 sec:
landing: 13, 15, 17, 19, 21, 23, 25, 27, 29
departing: 18, 20, 22, 24, 26, 28, 30
At 27 sec:
landing: 13, 15, 17, 19, 21, 23, 25, 27, 29
departing: 18, 20, 22, 24, 26, 28, 30
At 28 sec:
landing: 13, 15, 17, 19, 21, 23, 25, 27, 29, 31
departing: 20, 22, 24, 26, 28, 30, 32
At 29 sec:
landing: 13, 15, 17, 19, 21, 23, 25, 27, 29, 31, 33
departing: 20, 22, 24, 26, 28, 30, 32, 34
At 30 sec:
landing: 13, 15, 17, 19, 21, 23, 25, 27, 29, 31, 33, 35
departing: 22, 24, 26, 28, 30, 32, 34, 36
At 31 sec:
landing: 13, 15, 17, 19, 21, 23, 25, 27, 29, 31, 33, 35, 37
departing: 22, 24, 26, 28, 30, 32, 34, 36, 38
At 32 sec:
landing: 13, 15, 17, 19, 21, 23, 25, 27, 29, 31, 33, 35, 37
departing: 24, 26, 28, 30, 32, 34, 36, 38
At 33 sec:
landing: 13, 15, 17, 19, 21, 23, 25, 27, 29, 31, 33, 35, 37
departing: 24, 26, 28, 30, 32, 34, 36, 38
At 34 sec:
landing: 13, 15, 17, 19, 21, 23, 25, 27, 29, 31, 33, 35, 37, 39
departing: 26, 28, 30, 32, 34, 36, 38, 40
At 35 sec:
landing: 13, 15, 17, 19, 21, 23, 25, 27, 29, 31, 33, 35, 37, 39
departing: 26, 28, 30, 32, 34, 36, 38, 40
At 36 sec:
landing: 13, 15, 17, 19, 21, 23, 25, 27, 29, 31, 33, 35, 37, 39
departing: 28, 30, 32, 34, 36, 38, 40
At 37 sec:
landing: 13, 15, 17, 19, 21, 23, 25, 27, 29, 31, 33, 35, 37, 39, 41
departing: 28, 30, 32, 34, 36, 38, 40, 42
At 38 sec:
landing: 15, 17, 19, 21, 23, 25, 27, 29, 31, 33, 35, 37, 39, 41
departing: 28, 30, 32, 34, 36, 38, 40, 42
At 39 sec:
landing: 15, 17, 19, 21, 23, 25, 27, 29, 31, 33, 35, 37, 39, 41, 43
departing: 28, 30, 32, 34, 36, 38, 40, 42, 44
At 40 sec:
landing: 17, 19, 21, 23, 25, 27, 29, 31, 33, 35, 37, 39, 41, 43
departing: 28, 30, 32, 34, 36, 38, 40, 42, 44
At 41 sec:
landing: 17, 19, 21, 23, 25, 27, 29, 31, 33, 35, 37, 39, 41, 43
departing: 28, 30, 32, 34, 36, 38, 40, 42, 44
At 42 sec:
landing: 17, 19, 21, 23, 25, 27, 29, 31, 33, 35, 37, 39, 41, 43, 46
departing: 28, 30, 32, 34, 36, 38, 40, 42, 44, 47
At 43 sec:
landing: 17, 19, 21, 23, 25, 27, 29, 31, 33, 35, 37, 39, 41, 43, 46
departing: 28, 30, 32, 34, 36, 38, 40, 42, 44, 47
At 44 sec:
landing: 19, 21, 23, 25, 27, 29, 31, 33, 35, 37, 39, 41, 43, 46
departing: 28, 30, 32, 34, 36, 38, 40, 42, 44, 47
At 45 sec:
landing: 19, 21, 23, 25, 27, 29, 31, 33, 35, 37, 39, 41, 43, 46
departing: 28, 30, 32, 34, 36, 38, 40, 42, 44, 47
At 46 sec:
landing: 21, 23, 25, 27, 29, 31, 33, 35, 37, 39, 41, 43, 46, 48
departing: 28, 30, 32, 34, 36, 38, 40, 42, 44, 47, 49
At 47 sec:
landing: 21, 23, 25, 27, 29, 31, 33, 35, 37, 39, 41, 43, 46, 48
departing: 28, 30, 32, 34, 36, 38, 40, 42, 44, 47, 49
At 48 sec:
landing: 21, 23, 25, 27, 29, 31, 33, 35, 37, 39, 41, 43, 46, 48
departing: 30, 32, 34, 36, 38, 40, 42, 44, 47, 49
At 49 sec:
landing: 21, 23, 25, 27, 29, 31, 33, 35, 37, 39, 41, 43, 46, 48
departing: 30, 32, 34, 36, 38, 40, 42, 44, 47, 49
At 50 sec:
landing: 21, 23, 25, 27, 29, 31, 33, 35, 37, 39, 41, 43, 46, 48
departing: 32, 34, 36, 38, 40, 42, 44, 47, 49
At 51 sec:
landing: 21, 23, 25, 27, 29, 31, 33, 35, 37, 39, 41, 43, 46, 48
departing: 32, 34, 36, 38, 40, 42, 44, 47, 49
At 52 sec:
landing: 23, 25, 27, 29, 31, 33, 35, 37, 39, 41, 43, 46, 48, 50
departing: 32, 34, 36, 38, 40, 42, 44, 47, 49, 51
At 53 sec:
landing: 23, 25, 27, 29, 31, 33, 35, 37, 39, 41, 43, 46, 48, 50
departing: 32, 34, 36, 38, 40, 42, 44, 47, 49, 51
At 54 sec:
landing: 25, 27, 29, 31, 33, 35, 37, 39, 41, 43, 46, 48, 50, 52
departing: 32, 34, 36, 38, 40, 42, 44, 47, 49, 51, 53
At 55 sec:
landing: 25, 27, 29, 31, 33, 35, 37, 39, 41, 43, 46, 48, 50, 52
departing: 32, 34, 36, 38, 40, 42, 44, 47, 49, 51, 53
At 56 sec:
landing: 27, 29, 31, 33, 35, 37, 39, 41, 43, 46, 48, 50, 52, 54
departing: 32, 34, 36, 38, 40, 42, 44, 47, 49, 51, 53, 55
At 57 sec:
landing: 27, 29, 31, 33, 35, 37, 39, 41, 43, 46, 48, 50, 52, 54, 56
departing: 32, 34, 36, 38, 40, 42, 44, 47, 49, 51, 53, 55, 57
At 58 sec:
landing: 29, 31, 33, 35, 37, 39, 41, 43, 46, 48, 50, 52, 54, 56
departing: 32, 34, 36, 38, 40, 42, 44, 47, 49, 51, 53, 55, 57
At 59 sec:
landing: 29, 31, 33, 35, 37, 39, 41, 43, 46, 48, 50, 52, 54, 56, 58
departing: 32, 34, 36, 38, 40, 42, 44, 47, 49, 51, 53, 55, 57, 59
At 60 sec:
landing: 31, 33, 35, 37, 39, 41, 43, 46, 48, 50, 52, 54, 56, 58
departing: 32, 34, 36, 38, 40, 42, 44, 47, 49, 51, 53, 55, 57, 59
